INFO 2022-12-05T10:22:10.341Z api/index.js | 
api stopped
INFO 2022-12-05T10:22:10.361Z api/index.js | db disconnected
ERROR 2023-01-20T19:46:26.802Z api/index.js | connect ECONNREFUSED 127.0.0.1:27017
INFO 2023-01-20T19:57:30.130Z api/index.js | db connected
ERROR 2023-01-20T19:57:38.530Z user/authenticateUserHandler.js | user with email d@t.com not found
ERROR 2023-01-20T23:48:32.172Z user/retrieveUserHandler.js | jwt expired
ERROR 2023-01-20T23:48:32.174Z questions/retrieveQuestionsHandler.js | jwt expired
ERROR 2023-01-20T23:48:32.175Z questions/retrieveQuestionsPublicHandler.js | jwt expired
ERROR 2023-01-20T23:48:36.408Z user/retrieveUserHandler.js | jwt expired
ERROR 2023-01-20T23:48:36.408Z questions/retrieveQuestionsHandler.js | jwt expired
ERROR 2023-01-20T23:48:36.409Z questions/retrieveQuestionsPublicHandler.js | jwt expired
INFO 2023-01-21T11:30:11.724Z api/index.js | db connected
INFO 2023-01-21T11:30:16.757Z api/index.js | db connected
INFO 2023-01-21T11:30:23.202Z api/index.js | db connected
INFO 2023-01-21T11:30:32.832Z api/index.js | db connected
INFO 2023-01-21T11:30:37.203Z api/index.js | db connected
INFO 2023-01-21T11:30:41.847Z api/index.js | db connected
INFO 2023-01-21T11:30:48.055Z api/index.js | db connected
INFO 2023-01-21T11:30:52.700Z api/index.js | db connected
INFO 2023-01-21T11:30:56.653Z api/index.js | db connected
INFO 2023-01-21T11:31:01.308Z api/index.js | db connected
INFO 2023-01-21T11:31:05.933Z api/index.js | db connected
INFO 2023-01-21T11:33:49.669Z api/index.js | db connected
INFO 2023-01-21T11:33:52.674Z api/index.js | db connected
INFO 2023-01-21T11:33:56.226Z api/index.js | db connected
INFO 2023-01-21T11:33:59.737Z api/index.js | db connected
INFO 2023-01-21T11:39:40.693Z api/index.js | db connected
